Using pre-set license

 COMMAND LINE ARGUMENTS:
/Applications/Unity/Hub/Editor/2020.2.2f1/Unity.app/Contents/MacOS/Unity
-adb2
-batchMode
-noUpm
-name
AssetImportWorker2
-projectPath
/Users/elliotcraig/Desktop/C-300/Roll-A-Ball
-logFile
Logs/AssetImportWorker2.log
-srvPort
49727
Successfully changed project path to: /Users/elliotcraig/Desktop/C-300/Roll-A-Ball
/Users/elliotcraig/Desktop/C-300/Roll-A-Ball
Using Asset Import Pipeline V2.
Refreshing native plugins compatible for Editor in 72.02 ms, found 1 plugins.
Preloading 0 native plugins for Editor in 0.00 ms.
Initialize engine version: 2020.2.2f1 (068178b99f32)
[Subsystems] Discovering subsystems at path /Applications/Unity/Hub/Editor/2020.2.2f1/Unity.app/Contents/Resources/UnitySubsystems
[Subsystems] Discovering subsystems at path /Users/elliotcraig/Desktop/C-300/Roll-A-Ball/Assets
GfxDevice: creating device client; threaded=0
2021-03-01 12:46:03.885 Unity[40363:1990691] Color LCD preferred device: AMD Radeon Pro 555 (high power)
2021-03-01 12:46:03.885 Unity[40363:1990691] Metal devices available: 2
2021-03-01 12:46:03.885 Unity[40363:1990691] 0: AMD Radeon Pro 555 (high power)
2021-03-01 12:46:03.885 Unity[40363:1990691] 1: Intel(R) HD Graphics 630 (low power)
2021-03-01 12:46:03.887 Unity[40363:1990691] Using device AMD Radeon Pro 555 (high power)
Initializing Metal device caps: AMD Radeon Pro 555
Initialize mono
Mono path[0] = '/Applications/Unity/Hub/Editor/2020.2.2f1/Unity.app/Contents/Managed'
Mono path[1] = '/Applications/Unity/Hub/Editor/2020.2.2f1/Unity.app/Contents/MonoBleedingEdge/lib/mono/unityjit'
Mono config path = '/Applications/Unity/Hub/Editor/2020.2.2f1/Unity.app/Contents/MonoBleedingEdge/etc'
Using monoOptions --debugger-agent=transport=dt_socket,embedding=1,server=y,suspend=n,address=127.0.0.1:56363
Begin MonoManager ReloadAssembly
Registering precompiled unity dll's ...
Register platform support module: /Applications/Unity/Hub/Editor/2020.2.2f1/Unity.app/Contents/PlaybackEngines/MacStandaloneSupport/UnityEditor.OSXStandalone.Extensions.dll
Registered in 0.000381 seconds.
Native extension for OSXStandalone target not found
Refreshing native plugins compatible for Editor in 52.66 ms, found 1 plugins.
Preloading 0 native plugins for Editor in 0.00 ms.
Invoked RoslynAnalysisRunner static constructor.
RoslynAnalysisRunner will not be running.
RoslynAnalysisRunner has terminated.
Mono: successfully reloaded assembly
- Completed reload, in  1.615 seconds
Platform modules already initialized, skipping
Registering precompiled user dll's ...
Registered in 0.000719 seconds.
Begin MonoManager ReloadAssembly
Native extension for OSXStandalone target not found
Refreshing native plugins compatible for Editor in 55.39 ms, found 1 plugins.
Preloading 0 native plugins for Editor in 0.00 ms.
Invoked RoslynAnalysisRunner static constructor.
RoslynAnalysisRunner will not be running.
RoslynAnalysisRunner has terminated.
Mono: successfully reloaded assembly
- Completed reload, in  1.207 seconds
Platform modules already initialized, skipping
========================================================================
Worker process is ready to serve import requests
Shader 'Universal Render Pipeline/Particles/Lit': fallback shader 'Universal Render Pipeline/Particles/SimpleLit' not found
Shader 'Universal Render Pipeline/Particles/Lit': fallback shader 'Universal Render Pipeline/Particles/SimpleLit' not found
Launching external process: /Applications/Unity/Hub/Editor/2020.2.2f1/Unity.app/Contents/Tools/UnityShaderCompiler
Launched and connected shader compiler UnityShaderCompiler after 0.01 seconds
Refreshing native plugins compatible for Editor in 0.52 ms, found 1 plugins.
Preloading 0 native plugins for Editor in 0.00 ms.
Unloading 2736 Unused Serialized files (Serialized files now loaded: 0)
System memory in use before: 192.1 MB.
System memory in use after: 189.9 MB.

Unloading 47 unused Assets to reduce memory usage. Loaded Objects now: 3147.
Total: 4.238786 ms (FindLiveObjects: 0.373455 ms CreateObjectMapping: 0.193180 ms MarkObjects: 2.021114 ms  DeleteObjects: 1.649592 ms)

========================================================================
Received Import Request.
  path: Assets/Materials/Player.mat
  artifactKey: Guid(0939562b9443340a5874a7443c6a082f) Importer(815301076,1909f56bfc062723c751e8b465ee728b)
Start importing Assets/Materials/Player.mat using Guid(0939562b9443340a5874a7443c6a082f) Importer(815301076,1909f56bfc062723c751e8b465ee728b)  -> (artifact id: '6e71ab591149e8de12fbf24508ac2c68') in 0.510853 seconds
  Import took 0.517239 seconds .

========================================================================
Received Import Request.
  Time since last request: 22.443956 seconds.
  path: Assets/New Folder
  artifactKey: Guid(9ba3cbd58bdec45e09bc57c4f6d32a18) Importer(815301076,1909f56bfc062723c751e8b465ee728b)
Start importing Assets/New Folder using Guid(9ba3cbd58bdec45e09bc57c4f6d32a18) Importer(815301076,1909f56bfc062723c751e8b465ee728b)  -> (artifact id: 'ea07c21ee249cecb41ea126e0fc547f6') in 0.006377 seconds
  Import took 0.012962 seconds .

========================================================================
Received Import Request.
  Time since last request: 5.293468 seconds.
  path: Assets/Input
  artifactKey: Guid(9ba3cbd58bdec45e09bc57c4f6d32a18) Importer(815301076,1909f56bfc062723c751e8b465ee728b)
Start importing Assets/Input using Guid(9ba3cbd58bdec45e09bc57c4f6d32a18) Importer(815301076,1909f56bfc062723c751e8b465ee728b)  -> (artifact id: '2c0b15ade094dc885be57560dbc8ef2f') in 0.006418 seconds
  Import took 0.012183 seconds .

========================================================================
Received Import Request.
  Time since last request: 99.343392 seconds.
  path: Assets/Input/Roll-A-Ball.inputactions
  artifactKey: Guid(d1e7e27907ed44aa78216b10b7d2ab3a) Importer(815301076,1909f56bfc062723c751e8b465ee728b)
Start importing Assets/Input/Roll-A-Ball.inputactions using Guid(d1e7e27907ed44aa78216b10b7d2ab3a) Importer(815301076,1909f56bfc062723c751e8b465ee728b)  -> (artifact id: 'ae3436c22acbbda63a44608252d8ab8c') in 0.228865 seconds
  Import took 0.234586 seconds .

========================================================================
Received Import Request.
  Time since last request: 32.631821 seconds.
  path: Assets/Input/InputAction.inputactions
  artifactKey: Guid(d1e7e27907ed44aa78216b10b7d2ab3a) Importer(815301076,1909f56bfc062723c751e8b465ee728b)
Start importing Assets/Input/InputAction.inputactions using Guid(d1e7e27907ed44aa78216b10b7d2ab3a) Importer(815301076,1909f56bfc062723c751e8b465ee728b)  -> (artifact id: '280c25edbc642a3982f8d9f812beac11') in 0.012654 seconds
  Import took 0.018632 seconds .

========================================================================
Received Import Request.
  Time since last request: 33.727821 seconds.
  path: Assets/Scripts
  artifactKey: Guid(8e07a926234354c178bb6a3448e3c817) Importer(815301076,1909f56bfc062723c751e8b465ee728b)
Start importing Assets/Scripts using Guid(8e07a926234354c178bb6a3448e3c817) Importer(815301076,1909f56bfc062723c751e8b465ee728b)  -> (artifact id: 'c6f642f96dfc81f425f8cc3875c1a780') in 0.003068 seconds
  Import took 0.008371 seconds .

========================================================================
Received Prepare
Registering precompiled user dll's ...
Registered in 0.000919 seconds.
Begin MonoManager ReloadAssembly
Native extension for OSXStandalone target not found
Refreshing native plugins compatible for Editor in 0.55 ms, found 1 plugins.
Preloading 0 native plugins for Editor in 0.00 ms.
Invoked RoslynAnalysisRunner static constructor.
RoslynAnalysisRunner will not be running.
RoslynAnalysisRunner has terminated.
Mono: successfully reloaded assembly
- Completed reload, in  1.402 seconds
Platform modules already initialized, skipping
Shader 'Universal Render Pipeline/Particles/Lit': fallback shader 'Universal Render Pipeline/Particles/SimpleLit' not found
Shader 'Universal Render Pipeline/Particles/Lit': fallback shader 'Universal Render Pipeline/Particles/SimpleLit' not found
Refreshing native plugins compatible for Editor in 0.54 ms, found 1 plugins.
Preloading 0 native plugins for Editor in 0.00 ms.
Unloading 2661 Unused Serialized files (Serialized files now loaded: 0)
System memory in use before: 205.0 MB.
System memory in use after: 202.8 MB.

Unloading 40 unused Assets to reduce memory usage. Loaded Objects now: 3228.
Total: 4.981803 ms (FindLiveObjects: 0.398394 ms CreateObjectMapping: 0.191045 ms MarkObjects: 2.539996 ms  DeleteObjects: 1.850456 ms)

========================================================================
Received Prepare
Registering precompiled user dll's ...
Registered in 0.001315 seconds.
Begin MonoManager ReloadAssembly
Native extension for OSXStandalone target not found
Refreshing native plugins compatible for Editor in 0.67 ms, found 1 plugins.
Preloading 0 native plugins for Editor in 0.00 ms.
Invoked RoslynAnalysisRunner static constructor.
RoslynAnalysisRunner will not be running.
RoslynAnalysisRunner has terminated.
Mono: successfully reloaded assembly
- Completed reload, in  1.327 seconds
Platform modules already initialized, skipping
Shader 'Universal Render Pipeline/Particles/Lit': fallback shader 'Universal Render Pipeline/Particles/SimpleLit' not found
Shader 'Universal Render Pipeline/Particles/Lit': fallback shader 'Universal Render Pipeline/Particles/SimpleLit' not found
Refreshing native plugins compatible for Editor in 0.50 ms, found 1 plugins.
Preloading 0 native plugins for Editor in 0.00 ms.
Unloading 2661 Unused Serialized files (Serialized files now loaded: 0)
System memory in use before: 205.3 MB.
System memory in use after: 203.1 MB.

Unloading 40 unused Assets to reduce memory usage. Loaded Objects now: 3230.
Total: 4.383810 ms (FindLiveObjects: 0.471917 ms CreateObjectMapping: 0.171905 ms MarkObjects: 2.081625 ms  DeleteObjects: 1.656904 ms)

========================================================================
Received Import Request.
  Time since last request: 133.848304 seconds.
  path: Assets/Scripts/PlayerController.cs
  artifactKey: Guid(eff742a48257d4fb893669b7925c039a) Importer(815301076,1909f56bfc062723c751e8b465ee728b)
Start importing Assets/Scripts/PlayerController.cs using Guid(eff742a48257d4fb893669b7925c039a) Importer(815301076,1909f56bfc062723c751e8b465ee728b)  -> (artifact id: 'cdf0257a48b03dd1cd502dec506c23a4') in 0.184266 seconds
  Import took 0.190518 seconds .

========================================================================
Received Prepare
Registering precompiled user dll's ...
Registered in 0.001323 seconds.
Begin MonoManager ReloadAssembly
Native extension for OSXStandalone target not found
Refreshing native plugins compatible for Editor in 0.60 ms, found 1 plugins.
Preloading 0 native plugins for Editor in 0.00 ms.
Invoked RoslynAnalysisRunner static constructor.
RoslynAnalysisRunner will not be running.
RoslynAnalysisRunner has terminated.
Mono: successfully reloaded assembly
- Completed reload, in  1.299 seconds
Platform modules already initialized, skipping
Shader 'Universal Render Pipeline/Particles/Lit': fallback shader 'Universal Render Pipeline/Particles/SimpleLit' not found
Shader 'Universal Render Pipeline/Particles/Lit': fallback shader 'Universal Render Pipeline/Particles/SimpleLit' not found
Refreshing native plugins compatible for Editor in 0.58 ms, found 1 plugins.
Preloading 0 native plugins for Editor in 0.00 ms.
Unloading 2661 Unused Serialized files (Serialized files now loaded: 0)
System memory in use before: 206.7 MB.
System memory in use after: 204.5 MB.

Unloading 40 unused Assets to reduce memory usage. Loaded Objects now: 3232.
Total: 4.991686 ms (FindLiveObjects: 0.392223 ms CreateObjectMapping: 0.159126 ms MarkObjects: 2.349030 ms  DeleteObjects: 2.089794 ms)

========================================================================
Received Import Request.
  Time since last request: 789.436400 seconds.
  path: Assets/Scripts/PlayerController.cs
  artifactKey: Guid(eff742a48257d4fb893669b7925c039a) Importer(815301076,1909f56bfc062723c751e8b465ee728b)
Start importing Assets/Scripts/PlayerController.cs using Guid(eff742a48257d4fb893669b7925c039a) Importer(815301076,1909f56bfc062723c751e8b465ee728b)  -> (artifact id: '00e552bd4fe606aa61534ef98e253494') in 0.006776 seconds
  Import took 0.012198 seconds .

========================================================================
Received Prepare
Registering precompiled user dll's ...
Registered in 0.000917 seconds.
Begin MonoManager ReloadAssembly
Native extension for OSXStandalone target not found
Refreshing native plugins compatible for Editor in 0.52 ms, found 1 plugins.
Preloading 0 native plugins for Editor in 0.00 ms.
Invoked RoslynAnalysisRunner static constructor.
RoslynAnalysisRunner will not be running.
RoslynAnalysisRunner has terminated.
Mono: successfully reloaded assembly
- Completed reload, in  1.354 seconds
Platform modules already initialized, skipping
Shader 'Universal Render Pipeline/Particles/Lit': fallback shader 'Universal Render Pipeline/Particles/SimpleLit' not found
Shader 'Universal Render Pipeline/Particles/Lit': fallback shader 'Universal Render Pipeline/Particles/SimpleLit' not found
Refreshing native plugins compatible for Editor in 0.58 ms, found 1 plugins.
Preloading 0 native plugins for Editor in 0.00 ms.
Unloading 2661 Unused Serialized files (Serialized files now loaded: 0)
System memory in use before: 207.0 MB.
System memory in use after: 204.8 MB.

Unloading 40 unused Assets to reduce memory usage. Loaded Objects now: 3234.
Total: 5.258143 ms (FindLiveObjects: 0.430627 ms CreateObjectMapping: 0.207257 ms MarkObjects: 2.467660 ms  DeleteObjects: 2.150813 ms)

========================================================================
Received Import Request.
  Time since last request: 283.725607 seconds.
  path: Assets/Scripts/PlayerController.cs
  artifactKey: Guid(eff742a48257d4fb893669b7925c039a) Importer(815301076,1909f56bfc062723c751e8b465ee728b)
Start importing Assets/Scripts/PlayerController.cs using Guid(eff742a48257d4fb893669b7925c039a) Importer(815301076,1909f56bfc062723c751e8b465ee728b)  -> (artifact id: '75d2a2094a0939bfbd494ce95f3aa342') in 0.007108 seconds
  Import took 0.012578 seconds .

========================================================================
Received Prepare
Registering precompiled user dll's ...
Registered in 0.001005 seconds.
Begin MonoManager ReloadAssembly
Native extension for OSXStandalone target not found
Refreshing native plugins compatible for Editor in 0.53 ms, found 1 plugins.
Preloading 0 native plugins for Editor in 0.00 ms.
Invoked RoslynAnalysisRunner static constructor.
RoslynAnalysisRunner will not be running.
RoslynAnalysisRunner has terminated.
Mono: successfully reloaded assembly
- Completed reload, in  1.362 seconds
Platform modules already initialized, skipping
Shader 'Universal Render Pipeline/Particles/Lit': fallback shader 'Universal Render Pipeline/Particles/SimpleLit' not found
Shader 'Universal Render Pipeline/Particles/Lit': fallback shader 'Universal Render Pipeline/Particles/SimpleLit' not found
Refreshing native plugins compatible for Editor in 0.54 ms, found 1 plugins.
Preloading 0 native plugins for Editor in 0.00 ms.
Unloading 2661 Unused Serialized files (Serialized files now loaded: 0)
System memory in use before: 207.2 MB.
System memory in use after: 205.0 MB.

Unloading 40 unused Assets to reduce memory usage. Loaded Objects now: 3236.
Total: 4.910028 ms (FindLiveObjects: 0.366111 ms CreateObjectMapping: 0.145702 ms MarkObjects: 2.325035 ms  DeleteObjects: 2.071902 ms)

========================================================================
Received Prepare
Registering precompiled user dll's ...
Registered in 0.001000 seconds.
Begin MonoManager ReloadAssembly
Native extension for OSXStandalone target not found
Refreshing native plugins compatible for Editor in 0.55 ms, found 1 plugins.
Preloading 0 native plugins for Editor in 0.00 ms.
Invoked RoslynAnalysisRunner static constructor.
RoslynAnalysisRunner will not be running.
RoslynAnalysisRunner has terminated.
Mono: successfully reloaded assembly
- Completed reload, in  1.345 seconds
Platform modules already initialized, skipping
Shader 'Universal Render Pipeline/Particles/Lit': fallback shader 'Universal Render Pipeline/Particles/SimpleLit' not found
Shader 'Universal Render Pipeline/Particles/Lit': fallback shader 'Universal Render Pipeline/Particles/SimpleLit' not found
Refreshing native plugins compatible for Editor in 0.55 ms, found 1 plugins.
Preloading 0 native plugins for Editor in 0.00 ms.
Unloading 2661 Unused Serialized files (Serialized files now loaded: 0)
System memory in use before: 207.5 MB.
System memory in use after: 205.3 MB.

Unloading 40 unused Assets to reduce memory usage. Loaded Objects now: 3238.
Total: 5.830020 ms (FindLiveObjects: 0.437347 ms CreateObjectMapping: 0.204817 ms MarkObjects: 2.999592 ms  DeleteObjects: 2.186615 ms)

========================================================================
Received Import Request.
  Time since last request: 424.925892 seconds.
  path: Assets/Input/Roll-A-Ball.inputactions
  artifactKey: Guid(9aba43db87c5e436b98d496775ea357c) Importer(815301076,1909f56bfc062723c751e8b465ee728b)
Start importing Assets/Input/Roll-A-Ball.inputactions using Guid(9aba43db87c5e436b98d496775ea357c) Importer(815301076,1909f56bfc062723c751e8b465ee728b)  -> (artifact id: '6b9025d237dc411932e46f5e736f6761') in 0.043933 seconds
  Import took 0.050426 seconds .

========================================================================
Received Prepare
Registering precompiled user dll's ...
Registered in 0.001017 seconds.
Begin MonoManager ReloadAssembly
Native extension for OSXStandalone target not found
Refreshing native plugins compatible for Editor in 0.55 ms, found 1 plugins.
Preloading 0 native plugins for Editor in 0.00 ms.
Invoked RoslynAnalysisRunner static constructor.
RoslynAnalysisRunner will not be running.
RoslynAnalysisRunner has terminated.
Mono: successfully reloaded assembly
- Completed reload, in  1.505 seconds
Platform modules already initialized, skipping
Shader 'Universal Render Pipeline/Particles/Lit': fallback shader 'Universal Render Pipeline/Particles/SimpleLit' not found
Shader 'Universal Render Pipeline/Particles/Lit': fallback shader 'Universal Render Pipeline/Particles/SimpleLit' not found
Refreshing native plugins compatible for Editor in 0.57 ms, found 1 plugins.
Preloading 0 native plugins for Editor in 0.00 ms.
Unloading 2661 Unused Serialized files (Serialized files now loaded: 0)
System memory in use before: 207.7 MB.
System memory in use after: 205.5 MB.

Unloading 40 unused Assets to reduce memory usage. Loaded Objects now: 3240.
Total: 5.629363 ms (FindLiveObjects: 0.415771 ms CreateObjectMapping: 0.175550 ms MarkObjects: 2.521986 ms  DeleteObjects: 2.514300 ms)

========================================================================
Received Prepare
Registering precompiled user dll's ...
Registered in 0.000954 seconds.
Begin MonoManager ReloadAssembly
Native extension for OSXStandalone target not found
Refreshing native plugins compatible for Editor in 0.54 ms, found 1 plugins.
Preloading 0 native plugins for Editor in 0.00 ms.
Invoked RoslynAnalysisRunner static constructor.
RoslynAnalysisRunner will not be running.
RoslynAnalysisRunner has terminated.
Mono: successfully reloaded assembly
- Completed reload, in  1.375 seconds
Platform modules already initialized, skipping
Shader 'Universal Render Pipeline/Particles/Lit': fallback shader 'Universal Render Pipeline/Particles/SimpleLit' not found
Shader 'Universal Render Pipeline/Particles/Lit': fallback shader 'Universal Render Pipeline/Particles/SimpleLit' not found
Refreshing native plugins compatible for Editor in 0.59 ms, found 1 plugins.
Preloading 0 native plugins for Editor in 0.00 ms.
Unloading 2661 Unused Serialized files (Serialized files now loaded: 0)
System memory in use before: 208.0 MB.
System memory in use after: 205.7 MB.

Unloading 40 unused Assets to reduce memory usage. Loaded Objects now: 3242.
Total: 7.032365 ms (FindLiveObjects: 0.471335 ms CreateObjectMapping: 0.242042 ms MarkObjects: 2.904525 ms  DeleteObjects: 3.412772 ms)

========================================================================
Received Prepare
Registering precompiled user dll's ...
Registered in 0.000988 seconds.
Begin MonoManager ReloadAssembly
Native extension for OSXStandalone target not found
Refreshing native plugins compatible for Editor in 0.55 ms, found 1 plugins.
Preloading 0 native plugins for Editor in 0.00 ms.
Invoked RoslynAnalysisRunner static constructor.
RoslynAnalysisRunner will not be running.
RoslynAnalysisRunner has terminated.
Mono: successfully reloaded assembly
- Completed reload, in  1.581 seconds
Platform modules already initialized, skipping
Shader 'Universal Render Pipeline/Particles/Lit': fallback shader 'Universal Render Pipeline/Particles/SimpleLit' not found
Shader 'Universal Render Pipeline/Particles/Lit': fallback shader 'Universal Render Pipeline/Particles/SimpleLit' not found
Refreshing native plugins compatible for Editor in 0.53 ms, found 1 plugins.
Preloading 0 native plugins for Editor in 0.00 ms.
Unloading 2661 Unused Serialized files (Serialized files now loaded: 0)
System memory in use before: 208.2 MB.
System memory in use after: 206.0 MB.

Unloading 40 unused Assets to reduce memory usage. Loaded Objects now: 3244.
Total: 6.393969 ms (FindLiveObjects: 0.333050 ms CreateObjectMapping: 0.299691 ms MarkObjects: 3.457060 ms  DeleteObjects: 2.302392 ms)

========================================================================
Received Prepare
Registering precompiled user dll's ...
Registered in 0.000996 seconds.
Begin MonoManager ReloadAssembly
Native extension for OSXStandalone target not found
Refreshing native plugins compatible for Editor in 0.55 ms, found 1 plugins.
Preloading 0 native plugins for Editor in 0.00 ms.
Invoked RoslynAnalysisRunner static constructor.
RoslynAnalysisRunner will not be running.
RoslynAnalysisRunner has terminated.
Mono: successfully reloaded assembly
- Completed reload, in  1.652 seconds
Platform modules already initialized, skipping
Shader 'Universal Render Pipeline/Particles/Lit': fallback shader 'Universal Render Pipeline/Particles/SimpleLit' not found
Shader 'Universal Render Pipeline/Particles/Lit': fallback shader 'Universal Render Pipeline/Particles/SimpleLit' not found
Refreshing native plugins compatible for Editor in 0.55 ms, found 1 plugins.
Preloading 0 native plugins for Editor in 0.00 ms.
Unloading 2662 Unused Serialized files (Serialized files now loaded: 0)
System memory in use before: 208.4 MB.
System memory in use after: 206.2 MB.

Unloading 40 unused Assets to reduce memory usage. Loaded Objects now: 3247.
Total: 5.089541 ms (FindLiveObjects: 0.421020 ms CreateObjectMapping: 0.194428 ms MarkObjects: 2.468085 ms  DeleteObjects: 2.003575 ms)

========================================================================
Received Prepare
Registering precompiled user dll's ...
Registered in 0.000929 seconds.
Begin MonoManager ReloadAssembly
Native extension for OSXStandalone target not found
Refreshing native plugins compatible for Editor in 0.54 ms, found 1 plugins.
Preloading 0 native plugins for Editor in 0.00 ms.
Invoked RoslynAnalysisRunner static constructor.
RoslynAnalysisRunner will not be running.
RoslynAnalysisRunner has terminated.
Mono: successfully reloaded assembly
- Completed reload, in  1.689 seconds
Platform modules already initialized, skipping
Shader 'Universal Render Pipeline/Particles/Lit': fallback shader 'Universal Render Pipeline/Particles/SimpleLit' not found
Shader 'Universal Render Pipeline/Particles/Lit': fallback shader 'Universal Render Pipeline/Particles/SimpleLit' not found
Refreshing native plugins compatible for Editor in 0.54 ms, found 1 plugins.
Preloading 0 native plugins for Editor in 0.00 ms.
Unloading 2662 Unused Serialized files (Serialized files now loaded: 0)
System memory in use before: 208.7 MB.
System memory in use after: 206.5 MB.

Unloading 40 unused Assets to reduce memory usage. Loaded Objects now: 3249.
Total: 5.814369 ms (FindLiveObjects: 0.570619 ms CreateObjectMapping: 0.217769 ms MarkObjects: 2.410187 ms  DeleteObjects: 2.613983 ms)

========================================================================
Received Import Request.
  Time since last request: 842.750544 seconds.
  path: Assets/Scripts/CameraController.cs
  artifactKey: Guid(f26dda5ebe29b4ed7a424ea2577150ec) Importer(815301076,1909f56bfc062723c751e8b465ee728b)
Start importing Assets/Scripts/CameraController.cs using Guid(f26dda5ebe29b4ed7a424ea2577150ec) Importer(815301076,1909f56bfc062723c751e8b465ee728b)  -> (artifact id: 'a7966d663a2cb958b83e3650e46a12f3') in 0.010045 seconds
  Import took 0.015046 seconds .

========================================================================
Received Prepare
Registering precompiled user dll's ...
Registered in 0.000860 seconds.
Begin MonoManager ReloadAssembly
Native extension for OSXStandalone target not found
Refreshing native plugins compatible for Editor in 0.59 ms, found 1 plugins.
Preloading 0 native plugins for Editor in 0.00 ms.
Invoked RoslynAnalysisRunner static constructor.
RoslynAnalysisRunner will not be running.
RoslynAnalysisRunner has terminated.
Mono: successfully reloaded assembly
- Completed reload, in  1.245 seconds
Platform modules already initialized, skipping
Shader 'Universal Render Pipeline/Particles/Lit': fallback shader 'Universal Render Pipeline/Particles/SimpleLit' not found
Shader 'Universal Render Pipeline/Particles/Lit': fallback shader 'Universal Render Pipeline/Particles/SimpleLit' not found
Refreshing native plugins compatible for Editor in 0.84 ms, found 1 plugins.
Preloading 0 native plugins for Editor in 0.00 ms.
Unloading 2662 Unused Serialized files (Serialized files now loaded: 0)
System memory in use before: 208.9 MB.
System memory in use after: 206.7 MB.

Unloading 40 unused Assets to reduce memory usage. Loaded Objects now: 3251.
Total: 5.761197 ms (FindLiveObjects: 0.544205 ms CreateObjectMapping: 0.175897 ms MarkObjects: 3.015413 ms  DeleteObjects: 2.023946 ms)

========================================================================
Received Import Request.
  Time since last request: 126.173124 seconds.
  path: Assets/Scripts/CameraController.cs
  artifactKey: Guid(f26dda5ebe29b4ed7a424ea2577150ec) Importer(815301076,1909f56bfc062723c751e8b465ee728b)
Start importing Assets/Scripts/CameraController.cs using Guid(f26dda5ebe29b4ed7a424ea2577150ec) Importer(815301076,1909f56bfc062723c751e8b465ee728b)  -> (artifact id: '72c420d7023a53fffd6c3d3762e7d971') in 0.006392 seconds
  Import took 0.011666 seconds .

========================================================================
Received Import Request.
  Time since last request: 2.813585 seconds.
  path: Assets/Scripts/CameraController.cs
  artifactKey: Guid(f26dda5ebe29b4ed7a424ea2577150ec) Importer(815301076,1909f56bfc062723c751e8b465ee728b)
Start importing Assets/Scripts/CameraController.cs using Guid(f26dda5ebe29b4ed7a424ea2577150ec) Importer(815301076,1909f56bfc062723c751e8b465ee728b)  -> (artifact id: '72c420d7023a53fffd6c3d3762e7d971') in 0.006064 seconds
  Import took 0.010985 seconds .

========================================================================
Received Prepare
Registering precompiled user dll's ...
Registered in 0.000923 seconds.
Begin MonoManager ReloadAssembly
Native extension for OSXStandalone target not found
Refreshing native plugins compatible for Editor in 0.51 ms, found 1 plugins.
Preloading 0 native plugins for Editor in 0.00 ms.
Invoked RoslynAnalysisRunner static constructor.
RoslynAnalysisRunner will not be running.
RoslynAnalysisRunner has terminated.
Mono: successfully reloaded assembly
- Completed reload, in  1.244 seconds
Platform modules already initialized, skipping
Shader 'Universal Render Pipeline/Particles/Lit': fallback shader 'Universal Render Pipeline/Particles/SimpleLit' not found
Shader 'Universal Render Pipeline/Particles/Lit': fallback shader 'Universal Render Pipeline/Particles/SimpleLit' not found
Refreshing native plugins compatible for Editor in 0.49 ms, found 1 plugins.
Preloading 0 native plugins for Editor in 0.00 ms.
Unloading 2662 Unused Serialized files (Serialized files now loaded: 0)
System memory in use before: 209.2 MB.
System memory in use after: 206.9 MB.

Unloading 40 unused Assets to reduce memory usage. Loaded Objects now: 3253.
Total: 5.460914 ms (FindLiveObjects: 0.347934 ms CreateObjectMapping: 0.156637 ms MarkObjects: 2.931967 ms  DeleteObjects: 2.020602 ms)

========================================================================
Received Prepare
Registering precompiled user dll's ...
Registered in 0.001276 seconds.
Begin MonoManager ReloadAssembly
Native extension for OSXStandalone target not found
Refreshing native plugins compatible for Editor in 0.59 ms, found 1 plugins.
Preloading 0 native plugins for Editor in 0.00 ms.
Invoked RoslynAnalysisRunner static constructor.
RoslynAnalysisRunner will not be running.
RoslynAnalysisRunner has terminated.
Mono: successfully reloaded assembly
- Completed reload, in  1.299 seconds
Platform modules already initialized, skipping
Shader 'Universal Render Pipeline/Particles/Lit': fallback shader 'Universal Render Pipeline/Particles/SimpleLit' not found
Shader 'Universal Render Pipeline/Particles/Lit': fallback shader 'Universal Render Pipeline/Particles/SimpleLit' not found
Refreshing native plugins compatible for Editor in 0.52 ms, found 1 plugins.
Preloading 0 native plugins for Editor in 0.00 ms.
Unloading 2662 Unused Serialized files (Serialized files now loaded: 0)
System memory in use before: 209.3 MB.
System memory in use after: 207.2 MB.

Unloading 40 unused Assets to reduce memory usage. Loaded Objects now: 3255.
Total: 4.883654 ms (FindLiveObjects: 0.356280 ms CreateObjectMapping: 0.156069 ms MarkObjects: 2.389672 ms  DeleteObjects: 1.980157 ms)

========================================================================
Received Import Request.
  Time since last request: 201.294106 seconds.
  path: Assets/Scripts/CameraController.cs
  artifactKey: Guid(f26dda5ebe29b4ed7a424ea2577150ec) Importer(815301076,1909f56bfc062723c751e8b465ee728b)
Start importing Assets/Scripts/CameraController.cs using Guid(f26dda5ebe29b4ed7a424ea2577150ec) Importer(815301076,1909f56bfc062723c751e8b465ee728b)  -> (artifact id: '1989f9fdce4a9fd4351898d125490613') in 0.006202 seconds
  Import took 0.011234 seconds .

========================================================================
Received Prepare
Registering precompiled user dll's ...
Registered in 0.001150 seconds.
Begin MonoManager ReloadAssembly
Native extension for OSXStandalone target not found
Refreshing native plugins compatible for Editor in 0.58 ms, found 1 plugins.
Preloading 0 native plugins for Editor in 0.00 ms.
Invoked RoslynAnalysisRunner static constructor.
RoslynAnalysisRunner will not be running.
RoslynAnalysisRunner has terminated.
Mono: successfully reloaded assembly
- Completed reload, in  1.330 seconds
Platform modules already initialized, skipping
Shader 'Universal Render Pipeline/Particles/Lit': fallback shader 'Universal Render Pipeline/Particles/SimpleLit' not found
Shader 'Universal Render Pipeline/Particles/Lit': fallback shader 'Universal Render Pipeline/Particles/SimpleLit' not found
Refreshing native plugins compatible for Editor in 0.59 ms, found 1 plugins.
Preloading 0 native plugins for Editor in 0.00 ms.
Unloading 2662 Unused Serialized files (Serialized files now loaded: 0)
System memory in use before: 209.6 MB.
System memory in use after: 207.4 MB.

Unloading 40 unused Assets to reduce memory usage. Loaded Objects now: 3257.
Total: 5.380405 ms (FindLiveObjects: 0.497690 ms CreateObjectMapping: 0.204274 ms MarkObjects: 2.510435 ms  DeleteObjects: 2.166362 ms)

========================================================================
Received Import Request.
  Time since last request: 268.546643 seconds.
  path: Assets/Materials/Walls.mat
  artifactKey: Guid(867d35b0b36854a53893b952f9c94600) Importer(815301076,1909f56bfc062723c751e8b465ee728b)
Start importing Assets/Materials/Walls.mat using Guid(867d35b0b36854a53893b952f9c94600) Importer(815301076,1909f56bfc062723c751e8b465ee728b)  -> (artifact id: '1a76aa6c841e5949041d73ebfe90894f') in 0.254946 seconds
  Import took 0.261684 seconds .

========================================================================
Received Import Request.
  Time since last request: 24.295726 seconds.
  path: Assets/Materials/Walls.mat
  artifactKey: Guid(867d35b0b36854a53893b952f9c94600) Importer(815301076,1909f56bfc062723c751e8b465ee728b)
Start importing Assets/Materials/Walls.mat using Guid(867d35b0b36854a53893b952f9c94600) Importer(815301076,1909f56bfc062723c751e8b465ee728b)  -> (artifact id: '8ae83c4fb11e2a7fd16b683fcfd31a0f') in 0.018506 seconds
  Import took 0.025104 seconds .

========================================================================
Received Prepare
Registering precompiled user dll's ...
Registered in 0.003721 seconds.
Begin MonoManager ReloadAssembly
Native extension for OSXStandalone target not found
Refreshing native plugins compatible for Editor in 0.56 ms, found 1 plugins.
Preloading 0 native plugins for Editor in 0.00 ms.
Invoked RoslynAnalysisRunner static constructor.
RoslynAnalysisRunner will not be running.
RoslynAnalysisRunner has terminated.
Mono: successfully reloaded assembly
- Completed reload, in  1.308 seconds
Platform modules already initialized, skipping
Shader 'Universal Render Pipeline/Particles/Lit': fallback shader 'Universal Render Pipeline/Particles/SimpleLit' not found
Shader 'Universal Render Pipeline/Particles/Lit': fallback shader 'Universal Render Pipeline/Particles/SimpleLit' not found
Refreshing native plugins compatible for Editor in 0.63 ms, found 1 plugins.
Preloading 0 native plugins for Editor in 0.00 ms.
Unloading 2662 Unused Serialized files (Serialized files now loaded: 0)
System memory in use before: 210.2 MB.
System memory in use after: 208.0 MB.

Unloading 40 unused Assets to reduce memory usage. Loaded Objects now: 3295.
Total: 5.508537 ms (FindLiveObjects: 0.403381 ms CreateObjectMapping: 0.246477 ms MarkObjects: 3.024976 ms  DeleteObjects: 1.832363 ms)

========================================================================
Received Prepare
Registering precompiled user dll's ...
Registered in 0.000968 seconds.
Begin MonoManager ReloadAssembly
Native extension for OSXStandalone target not found
Refreshing native plugins compatible for Editor in 0.68 ms, found 1 plugins.
Preloading 0 native plugins for Editor in 0.00 ms.
Invoked RoslynAnalysisRunner static constructor.
RoslynAnalysisRunner will not be running.
RoslynAnalysisRunner has terminated.
Mono: successfully reloaded assembly
- Completed reload, in  1.541 seconds
Platform modules already initialized, skipping
Shader 'Universal Render Pipeline/Particles/Lit': fallback shader 'Universal Render Pipeline/Particles/SimpleLit' not found
Shader 'Universal Render Pipeline/Particles/Lit': fallback shader 'Universal Render Pipeline/Particles/SimpleLit' not found
Refreshing native plugins compatible for Editor in 0.55 ms, found 1 plugins.
Preloading 0 native plugins for Editor in 0.00 ms.
Unloading 2663 Unused Serialized files (Serialized files now loaded: 0)
System memory in use before: 210.4 MB.
System memory in use after: 208.2 MB.

Unloading 40 unused Assets to reduce memory usage. Loaded Objects now: 3298.
Total: 5.292818 ms (FindLiveObjects: 0.418566 ms CreateObjectMapping: 0.201475 ms MarkObjects: 2.496498 ms  DeleteObjects: 2.174706 ms)

========================================================================
Received Prepare
Registering precompiled user dll's ...
Registered in 0.000948 seconds.
Begin MonoManager ReloadAssembly
Native extension for OSXStandalone target not found
Refreshing native plugins compatible for Editor in 0.54 ms, found 1 plugins.
Preloading 0 native plugins for Editor in 0.00 ms.
Invoked RoslynAnalysisRunner static constructor.
RoslynAnalysisRunner will not be running.
RoslynAnalysisRunner has terminated.
Mono: successfully reloaded assembly
- Completed reload, in  1.395 seconds
Platform modules already initialized, skipping
Shader 'Universal Render Pipeline/Particles/Lit': fallback shader 'Universal Render Pipeline/Particles/SimpleLit' not found
Shader 'Universal Render Pipeline/Particles/Lit': fallback shader 'Universal Render Pipeline/Particles/SimpleLit' not found
Refreshing native plugins compatible for Editor in 0.54 ms, found 1 plugins.
Preloading 0 native plugins for Editor in 0.00 ms.
Unloading 2663 Unused Serialized files (Serialized files now loaded: 0)
System memory in use before: 210.7 MB.
System memory in use after: 208.5 MB.

Unloading 40 unused Assets to reduce memory usage. Loaded Objects now: 3300.
Total: 5.398083 ms (FindLiveObjects: 0.403936 ms CreateObjectMapping: 0.174152 ms MarkObjects: 2.658752 ms  DeleteObjects: 2.158713 ms)

========================================================================
Received Prepare
Registering precompiled user dll's ...
Registered in 0.000921 seconds.
Begin MonoManager ReloadAssembly
Native extension for OSXStandalone target not found
Refreshing native plugins compatible for Editor in 0.51 ms, found 1 plugins.
Preloading 0 native plugins for Editor in 0.00 ms.
Invoked RoslynAnalysisRunner static constructor.
RoslynAnalysisRunner will not be running.
RoslynAnalysisRunner has terminated.
Mono: successfully reloaded assembly
- Completed reload, in  1.272 seconds
Platform modules already initialized, skipping
Shader 'Universal Render Pipeline/Particles/Lit': fallback shader 'Universal Render Pipeline/Particles/SimpleLit' not found
Shader 'Universal Render Pipeline/Particles/Lit': fallback shader 'Universal Render Pipeline/Particles/SimpleLit' not found
Refreshing native plugins compatible for Editor in 0.59 ms, found 1 plugins.
Preloading 0 native plugins for Editor in 0.00 ms.
Unloading 2663 Unused Serialized files (Serialized files now loaded: 0)
System memory in use before: 210.9 MB.
System memory in use after: 208.7 MB.

Unloading 40 unused Assets to reduce memory usage. Loaded Objects now: 3302.
Total: 5.172439 ms (FindLiveObjects: 0.425505 ms CreateObjectMapping: 0.189288 ms MarkObjects: 2.486121 ms  DeleteObjects: 2.069171 ms)

========================================================================
Received Prepare
Registering precompiled user dll's ...
Registered in 0.000967 seconds.
Begin MonoManager ReloadAssembly
Native extension for OSXStandalone target not found
Refreshing native plugins compatible for Editor in 0.51 ms, found 1 plugins.
Preloading 0 native plugins for Editor in 0.00 ms.
Invoked RoslynAnalysisRunner static constructor.
RoslynAnalysisRunner will not be running.
RoslynAnalysisRunner has terminated.
Mono: successfully reloaded assembly
- Completed reload, in  1.274 seconds
Platform modules already initialized, skipping
Shader 'Universal Render Pipeline/Particles/Lit': fallback shader 'Universal Render Pipeline/Particles/SimpleLit' not found
Shader 'Universal Render Pipeline/Particles/Lit': fallback shader 'Universal Render Pipeline/Particles/SimpleLit' not found
Refreshing native plugins compatible for Editor in 0.58 ms, found 1 plugins.
Preloading 0 native plugins for Editor in 0.00 ms.
Unloading 2663 Unused Serialized files (Serialized files now loaded: 0)
System memory in use before: 211.1 MB.
System memory in use after: 208.9 MB.

Unloading 40 unused Assets to reduce memory usage. Loaded Objects now: 3304.
Total: 5.451095 ms (FindLiveObjects: 0.446501 ms CreateObjectMapping: 0.186381 ms MarkObjects: 2.632946 ms  DeleteObjects: 2.183037 ms)

========================================================================
Received Import Request.
  Time since last request: 590.129171 seconds.
  path: Assets/Scripts/Rotator.cs
  artifactKey: Guid(4cb236ed92f9746399b3cdbbf9cd7332) Importer(815301076,1909f56bfc062723c751e8b465ee728b)
Start importing Assets/Scripts/Rotator.cs using Guid(4cb236ed92f9746399b3cdbbf9cd7332) Importer(815301076,1909f56bfc062723c751e8b465ee728b)  -> (artifact id: '1bb401713208c0cc95cf056d8ce036cc') in 0.005736 seconds
  Import took 0.011493 seconds .

========================================================================
Received Prepare
Registering precompiled user dll's ...
Registered in 0.004099 seconds.
Begin MonoManager ReloadAssembly
Native extension for OSXStandalone target not found
Refreshing native plugins compatible for Editor in 0.53 ms, found 1 plugins.
Preloading 0 native plugins for Editor in 0.00 ms.
Invoked RoslynAnalysisRunner static constructor.
RoslynAnalysisRunner will not be running.
RoslynAnalysisRunner has terminated.
Mono: successfully reloaded assembly
- Completed reload, in  1.257 seconds
Platform modules already initialized, skipping
Shader 'Universal Render Pipeline/Particles/Lit': fallback shader 'Universal Render Pipeline/Particles/SimpleLit' not found
Shader 'Universal Render Pipeline/Particles/Lit': fallback shader 'Universal Render Pipeline/Particles/SimpleLit' not found
Refreshing native plugins compatible for Editor in 0.54 ms, found 1 plugins.
Preloading 0 native plugins for Editor in 0.00 ms.
Unloading 2663 Unused Serialized files (Serialized files now loaded: 0)
System memory in use before: 211.3 MB.
System memory in use after: 209.2 MB.

Unloading 40 unused Assets to reduce memory usage. Loaded Objects now: 3306.
Total: 4.777584 ms (FindLiveObjects: 0.378266 ms CreateObjectMapping: 0.145234 ms MarkObjects: 2.271653 ms  DeleteObjects: 1.980182 ms)

========================================================================
Received Import Request.
  Time since last request: 340.682746 seconds.
  path: Assets/Prefabs
  artifactKey: Guid(0f6ded7a8a2d54e81b8c4839d1a9d467) Importer(815301076,1909f56bfc062723c751e8b465ee728b)
Start importing Assets/Prefabs using Guid(0f6ded7a8a2d54e81b8c4839d1a9d467) Importer(815301076,1909f56bfc062723c751e8b465ee728b)  -> (artifact id: 'b8ea57133842c187288b16cbdd3b8437') in 0.005837 seconds
  Import took 0.012014 seconds .

========================================================================
Received Import Request.
  Time since last request: 2.511117 seconds.
  path: Assets/Prefabs/Pickup.prefab
  artifactKey: Guid(56ef0c24a248f4004a81a053fd745b81) Importer(815301076,1909f56bfc062723c751e8b465ee728b)
Start importing Assets/Prefabs/Pickup.prefab using Guid(56ef0c24a248f4004a81a053fd745b81) Importer(815301076,1909f56bfc062723c751e8b465ee728b)  -> (artifact id: 'f4bf45906908e279ffecddb91cedfb35') in 0.544850 seconds
  Import took 0.551469 seconds .

========================================================================
Received Import Request.
  Time since last request: 632.857740 seconds.
  path: Assets/Scripts/PlayerController.cs
  artifactKey: Guid(eff742a48257d4fb893669b7925c039a) Importer(815301076,1909f56bfc062723c751e8b465ee728b)
Start importing Assets/Scripts/PlayerController.cs using Guid(eff742a48257d4fb893669b7925c039a) Importer(815301076,1909f56bfc062723c751e8b465ee728b)  -> (artifact id: 'b4454b159c4d1b875fb3b529749fe8e5') in 0.003020 seconds
  Import took 0.009349 seconds .

========================================================================
Received Import Request.
  Time since last request: 0.001964 seconds.
  path: Assets/Scripts/PlayerController.cs
  artifactKey: Guid(eff742a48257d4fb893669b7925c039a) Importer(815301076,1909f56bfc062723c751e8b465ee728b)
Start importing Assets/Scripts/PlayerController.cs using Guid(eff742a48257d4fb893669b7925c039a) Importer(815301076,1909f56bfc062723c751e8b465ee728b)  -> (artifact id: 'b4454b159c4d1b875fb3b529749fe8e5') in 0.001384 seconds
  Import took 0.007210 seconds .

========================================================================
Received Prepare
Registering precompiled user dll's ...
Registered in 0.000884 seconds.
Begin MonoManager ReloadAssembly
Native extension for OSXStandalone target not found
Refreshing native plugins compatible for Editor in 0.51 ms, found 1 plugins.
Preloading 0 native plugins for Editor in 0.00 ms.
Invoked RoslynAnalysisRunner static constructor.
RoslynAnalysisRunner will not be running.
RoslynAnalysisRunner has terminated.
Mono: successfully reloaded assembly
- Completed reload, in  1.354 seconds
Platform modules already initialized, skipping
Shader 'Universal Render Pipeline/Particles/Lit': fallback shader 'Universal Render Pipeline/Particles/SimpleLit' not found
Shader 'Universal Render Pipeline/Particles/Lit': fallback shader 'Universal Render Pipeline/Particles/SimpleLit' not found
Refreshing native plugins compatible for Editor in 0.57 ms, found 1 plugins.
Preloading 0 native plugins for Editor in 0.00 ms.
Unloading 2663 Unused Serialized files (Serialized files now loaded: 0)
System memory in use before: 216.1 MB.
System memory in use after: 213.9 MB.

Unloading 40 unused Assets to reduce memory usage. Loaded Objects now: 3345.
Total: 5.610418 ms (FindLiveObjects: 0.403884 ms CreateObjectMapping: 0.172527 ms MarkObjects: 2.890727 ms  DeleteObjects: 2.142097 ms)

========================================================================
Received Import Request.
  Time since last request: 279.300705 seconds.
  path: Assets/Scripts/PlayerController.cs
  artifactKey: Guid(eff742a48257d4fb893669b7925c039a) Importer(815301076,1909f56bfc062723c751e8b465ee728b)
Start importing Assets/Scripts/PlayerController.cs using Guid(eff742a48257d4fb893669b7925c039a) Importer(815301076,1909f56bfc062723c751e8b465ee728b)  -> (artifact id: 'c6e69ea90402d163172ea888016d7c6a') in 0.006630 seconds
  Import took 0.011491 seconds .

========================================================================
Received Import Request.
  Time since last request: 5.005095 seconds.
  path: ProjectSettings/TagManager.asset
  artifactKey: Guid(00000000000000003000000000000000) Importer(815301076,1909f56bfc062723c751e8b465ee728b)
Start importing ProjectSettings/TagManager.asset using Guid(00000000000000003000000000000000) Importer(815301076,1909f56bfc062723c751e8b465ee728b)  -> (artifact id: '95411971f730e82f0bbbd23a4f13c4b5') in 0.233267 seconds
  Import took 0.238919 seconds .

========================================================================
Received Import Request.
  Time since last request: 282.629747 seconds.
  path: Assets/Scripts/PlayerController.cs
  artifactKey: Guid(eff742a48257d4fb893669b7925c039a) Importer(815301076,1909f56bfc062723c751e8b465ee728b)
Start importing Assets/Scripts/PlayerController.cs using Guid(eff742a48257d4fb893669b7925c039a) Importer(815301076,1909f56bfc062723c751e8b465ee728b)  -> (artifact id: '3552dca1c604e8413e4a47f0558611f0') in 0.001093 seconds
  Import took 0.007369 seconds .

========================================================================
Received Import Request.
  Time since last request: 0.000954 seconds.
  path: Assets/Scripts/PlayerController.cs
  artifactKey: Guid(eff742a48257d4fb893669b7925c039a) Importer(815301076,1909f56bfc062723c751e8b465ee728b)
Start importing Assets/Scripts/PlayerController.cs using Guid(eff742a48257d4fb893669b7925c039a) Importer(815301076,1909f56bfc062723c751e8b465ee728b)  -> (artifact id: '3552dca1c604e8413e4a47f0558611f0') in 0.001098 seconds
  Import took 0.007078 seconds .

========================================================================
Received Prepare
Registering precompiled user dll's ...
Registered in 0.001106 seconds.
Begin MonoManager ReloadAssembly
Native extension for OSXStandalone target not found
Refreshing native plugins compatible for Editor in 0.54 ms, found 1 plugins.
Preloading 0 native plugins for Editor in 0.00 ms.
Invoked RoslynAnalysisRunner static constructor.
RoslynAnalysisRunner will not be running.
RoslynAnalysisRunner has terminated.
Mono: successfully reloaded assembly
- Completed reload, in  1.354 seconds
Platform modules already initialized, skipping
Shader 'Universal Render Pipeline/Particles/Lit': fallback shader 'Universal Render Pipeline/Particles/SimpleLit' not found
Shader 'Universal Render Pipeline/Particles/Lit': fallback shader 'Universal Render Pipeline/Particles/SimpleLit' not found
Refreshing native plugins compatible for Editor in 0.54 ms, found 1 plugins.
Preloading 0 native plugins for Editor in 0.00 ms.
Unloading 2663 Unused Serialized files (Serialized files now loaded: 0)
System memory in use before: 220.6 MB.
System memory in use after: 218.4 MB.

Unloading 41 unused Assets to reduce memory usage. Loaded Objects now: 3347.
Total: 5.610049 ms (FindLiveObjects: 0.406547 ms CreateObjectMapping: 0.195681 ms MarkObjects: 2.476176 ms  DeleteObjects: 2.530220 ms)

========================================================================
Received Import Request.
  Time since last request: 33.239026 seconds.
  path: Assets/Scripts/PlayerController.cs
  artifactKey: Guid(eff742a48257d4fb893669b7925c039a) Importer(815301076,1909f56bfc062723c751e8b465ee728b)
Start importing Assets/Scripts/PlayerController.cs using Guid(eff742a48257d4fb893669b7925c039a) Importer(815301076,1909f56bfc062723c751e8b465ee728b)  -> (artifact id: 'b109c26d24e355c792d4f231453a5f40') in 0.009581 seconds
  Import took 0.014771 seconds .

========================================================================
Received Import Request.
  Time since last request: 0.041956 seconds.
  path: Assets/Scripts/PlayerController.cs
  artifactKey: Guid(eff742a48257d4fb893669b7925c039a) Importer(815301076,1909f56bfc062723c751e8b465ee728b)
Start importing Assets/Scripts/PlayerController.cs using Guid(eff742a48257d4fb893669b7925c039a) Importer(815301076,1909f56bfc062723c751e8b465ee728b)  -> (artifact id: 'b109c26d24e355c792d4f231453a5f40') in 0.002676 seconds
  Import took 0.008234 seconds .

========================================================================
Received Prepare
Registering precompiled user dll's ...
Registered in 0.001154 seconds.
Begin MonoManager ReloadAssembly
Native extension for OSXStandalone target not found
Refreshing native plugins compatible for Editor in 0.56 ms, found 1 plugins.
Preloading 0 native plugins for Editor in 0.00 ms.
Invoked RoslynAnalysisRunner static constructor.
RoslynAnalysisRunner will not be running.
RoslynAnalysisRunner has terminated.
Mono: successfully reloaded assembly
- Completed reload, in  1.281 seconds
Platform modules already initialized, skipping
Shader 'Universal Render Pipeline/Particles/Lit': fallback shader 'Universal Render Pipeline/Particles/SimpleLit' not found
Shader 'Universal Render Pipeline/Particles/Lit': fallback shader 'Universal Render Pipeline/Particles/SimpleLit' not found
Refreshing native plugins compatible for Editor in 0.58 ms, found 1 plugins.
Preloading 0 native plugins for Editor in 0.00 ms.
Unloading 2663 Unused Serialized files (Serialized files now loaded: 0)
System memory in use before: 220.8 MB.
System memory in use after: 218.6 MB.

Unloading 40 unused Assets to reduce memory usage. Loaded Objects now: 3349.
Total: 6.114294 ms (FindLiveObjects: 0.555075 ms CreateObjectMapping: 0.242090 ms MarkObjects: 2.956809 ms  DeleteObjects: 2.358449 ms)

========================================================================
Received Import Request.
  Time since last request: 124.913836 seconds.
  path: Assets/Prefabs/Pickup.prefab
  artifactKey: Guid(56ef0c24a248f4004a81a053fd745b81) Importer(815301076,1909f56bfc062723c751e8b465ee728b)
Start importing Assets/Prefabs/Pickup.prefab using Guid(56ef0c24a248f4004a81a053fd745b81) Importer(815301076,1909f56bfc062723c751e8b465ee728b)  -> (artifact id: 'e809020e75126bac03a66d09e56c1427') in 0.202693 seconds
  Import took 0.208102 seconds .

========================================================================
Received Import Request.
  Time since last request: 20.354192 seconds.
  path: Assets/Prefabs/Pickup.prefab
  artifactKey: Guid(56ef0c24a248f4004a81a053fd745b81) Importer(815301076,1909f56bfc062723c751e8b465ee728b)
Start importing Assets/Prefabs/Pickup.prefab using Guid(56ef0c24a248f4004a81a053fd745b81) Importer(815301076,1909f56bfc062723c751e8b465ee728b)  -> (artifact id: '5621b3ff65978f202df06c80a861aafd') in 0.019907 seconds
  Import took 0.025979 seconds .

========================================================================
Received Prepare
Registering precompiled user dll's ...
Registered in 0.000937 seconds.
Begin MonoManager ReloadAssembly
Native extension for OSXStandalone target not found
Refreshing native plugins compatible for Editor in 0.74 ms, found 1 plugins.
Preloading 0 native plugins for Editor in 0.00 ms.
Invoked RoslynAnalysisRunner static constructor.
RoslynAnalysisRunner will not be running.
RoslynAnalysisRunner has terminated.
Mono: successfully reloaded assembly
- Completed reload, in  1.270 seconds
Platform modules already initialized, skipping
Shader 'Universal Render Pipeline/Particles/Lit': fallback shader 'Universal Render Pipeline/Particles/SimpleLit' not found
Shader 'Universal Render Pipeline/Particles/Lit': fallback shader 'Universal Render Pipeline/Particles/SimpleLit' not found
Refreshing native plugins compatible for Editor in 0.51 ms, found 1 plugins.
Preloading 0 native plugins for Editor in 0.00 ms.
Unloading 2663 Unused Serialized files (Serialized files now loaded: 0)
System memory in use before: 221.3 MB.
System memory in use after: 219.1 MB.

Unloading 40 unused Assets to reduce memory usage. Loaded Objects now: 3387.
Total: 5.211824 ms (FindLiveObjects: 0.371937 ms CreateObjectMapping: 0.160226 ms MarkObjects: 2.572260 ms  DeleteObjects: 2.105735 ms)

========================================================================
Received Import Request.
  Time since last request: 73.603087 seconds.
  path: Assets/Prefabs/Pickup.prefab
  artifactKey: Guid(56ef0c24a248f4004a81a053fd745b81) Importer(815301076,1909f56bfc062723c751e8b465ee728b)
Start importing Assets/Prefabs/Pickup.prefab using Guid(56ef0c24a248f4004a81a053fd745b81) Importer(815301076,1909f56bfc062723c751e8b465ee728b)  -> (artifact id: '73f0197a07068810fcc95b7f97b23119') in 0.227805 seconds
  Import took 0.234215 seconds .

========================================================================
Received Import Request.
  Time since last request: 36.207053 seconds.
  path: Assets/Prefabs/Pickup.prefab
  artifactKey: Guid(56ef0c24a248f4004a81a053fd745b81) Importer(815301076,1909f56bfc062723c751e8b465ee728b)
Start importing Assets/Prefabs/Pickup.prefab using Guid(56ef0c24a248f4004a81a053fd745b81) Importer(815301076,1909f56bfc062723c751e8b465ee728b)  -> (artifact id: 'db61e61ce2aaf4e605a6ce6827133ce3') in 0.023973 seconds
  Import took 0.029793 seconds .

========================================================================
Received Prepare
Registering precompiled user dll's ...
Registered in 0.001417 seconds.
Begin MonoManager ReloadAssembly
Native extension for OSXStandalone target not found
Refreshing native plugins compatible for Editor in 0.61 ms, found 1 plugins.
Preloading 0 native plugins for Editor in 0.00 ms.
Invoked RoslynAnalysisRunner static constructor.
RoslynAnalysisRunner will not be running.
RoslynAnalysisRunner has terminated.
Mono: successfully reloaded assembly
- Completed reload, in  1.535 seconds
Platform modules already initialized, skipping
Shader 'Universal Render Pipeline/Particles/Lit': fallback shader 'Universal Render Pipeline/Particles/SimpleLit' not found
Shader 'Universal Render Pipeline/Particles/Lit': fallback shader 'Universal Render Pipeline/Particles/SimpleLit' not found
Refreshing native plugins compatible for Editor in 0.57 ms, found 1 plugins.
Preloading 0 native plugins for Editor in 0.00 ms.
Unloading 2663 Unused Serialized files (Serialized files now loaded: 0)
System memory in use before: 221.7 MB.
System memory in use after: 219.5 MB.

Unloading 40 unused Assets to reduce memory usage. Loaded Objects now: 3425.
Total: 5.496815 ms (FindLiveObjects: 0.527346 ms CreateObjectMapping: 0.352764 ms MarkObjects: 2.691435 ms  DeleteObjects: 1.923279 ms)

AssetImportWorkerClient::OnTransportError - code=2 error=End of file
